starting
Dash is running on http://127.0.0.1:8050/

 * Serving Flask app "dashboard.months_earnings" (lazy loading)
 * Environment: production
   WARNING: This is a development server. Do not use it in a production deployment.
   Use a production WSGI server instead.
 * Debug mode: on
starting
Dash is running on http://127.0.0.1:8050/

 * Serving Flask app "dashboard.months_earnings" (lazy loading)
 * Environment: production
   WARNING: This is a development server. Do not use it in a production deployment.
   Use a production WSGI server instead.
 * Debug mode: on
starting
starting
starting
starting
starting
starting
starting
starting
Traceback (most recent call last):
  File "/Users/philipmassey/PycharmProjects/stock_market/dashboard/scripts/run_monthly_earnings.py", line 2, in <module>
    from dashboard import months_earnings
  File "/Users/philipmassey/PycharmProjects/stock_market/dashboard/__init__.py", line 1, in <module>
    from .months_earnings import *
  File "/Users/philipmassey/PycharmProjects/stock_market/dashboard/months_earnings.py", line 4, in <module>
    import market_data as md
  File "/Users/philipmassey/PycharmProjects/stock_market/market_data/__init__.py", line 4, in <module>
    from .stock_mdb import *
  File "/Users/philipmassey/PycharmProjects/stock_market/market_data/stock_mdb/__init__.py", line 1, in <module>
    from .mdb_in_out import *
  File "/Users/philipmassey/PycharmProjects/stock_market/market_data/stock_mdb/mdb_in_out.py", line 49
    $return md.MdbToDataframeForPercent(mdb_data)
    ^
SyntaxError: invalid syntax
starting
Dash is running on http://127.0.0.1:8050/

 * Serving Flask app "dashboard.months_earnings" (lazy loading)
 * Environment: production
   WARNING: This is a development server. Do not use it in a production deployment.
   Use a production WSGI server instead.
 * Debug mode: on
starting
starting
starting
Traceback (most recent call last):
  File "/Users/philipmassey/PycharmProjects/stock_market/dashboard/scripts/run_monthly_earnings.py", line 2, in <module>
    from dashboard import months_earnings
  File "/Users/philipmassey/PycharmProjects/stock_market/dashboard/__init__.py", line 1, in <module>
    from .months_earnings import *
  File "/Users/philipmassey/PycharmProjects/stock_market/dashboard/months_earnings.py", line 4, in <module>
    import market_data as md
  File "/Users/philipmassey/PycharmProjects/stock_market/market_data/__init__.py", line 2, in <module>
    from .get_csv_data import *
  File "/Users/philipmassey/PycharmProjects/stock_market/market_data/get_csv_data.py", line 24
    df_port = getAllPortfoliosAndSymbols(incl=)
                                              ^
SyntaxError: invalid syntax
starting
Dash is running on http://127.0.0.1:8050/

 * Serving Flask app "dashboard.months_earnings" (lazy loading)
 * Environment: production
   WARNING: This is a development server. Do not use it in a production deployment.
   Use a production WSGI server instead.
 * Debug mode: on
starting
starting
Dash is running on http://127.0.0.1:8050/

 * Serving Flask app "dashboard.months_earnings" (lazy loading)
 * Environment: production
   WARNING: This is a development server. Do not use it in a production deployment.
   Use a production WSGI server instead.
 * Debug mode: on
Traceback (most recent call last):
  File "/Users/philipmassey/PycharmProjects/stock_market/dashboard/scripts/run_monthly_earnings.py", line 5, in <module>
    months_earnings.app.run_server(debug=True)
  File "/Library/Frameworks/Python.framework/Versions/3.7/lib/python3.7/site-packages/dash/dash.py", line 1716, in run_server
    self.server.run(host=host, port=port, debug=debug, **flask_run_options)
  File "/Library/Frameworks/Python.framework/Versions/3.7/lib/python3.7/site-packages/flask/app.py", line 990, in run
    run_simple(host, port, self, **options)
  File "/Library/Frameworks/Python.framework/Versions/3.7/lib/python3.7/site-packages/werkzeug/serving.py", line 1030, in run_simple
    s.bind(server_address)
OSError: [Errno 48] Address already in use
starting
Dash is running on http://127.0.0.1:8050/

 * Serving Flask app "dashboard.months_earnings" (lazy loading)
 * Environment: production
   WARNING: This is a development server. Do not use it in a production deployment.
   Use a production WSGI server instead.
 * Debug mode: on
Traceback (most recent call last):
  File "/Users/philipmassey/PycharmProjects/stock_market/dashboard/scripts/run_monthly_earnings.py", line 5, in <module>
    months_earnings.app.run_server(debug=True)
  File "/Library/Frameworks/Python.framework/Versions/3.7/lib/python3.7/site-packages/dash/dash.py", line 1716, in run_server
    self.server.run(host=host, port=port, debug=debug, **flask_run_options)
  File "/Library/Frameworks/Python.framework/Versions/3.7/lib/python3.7/site-packages/flask/app.py", line 990, in run
    run_simple(host, port, self, **options)
  File "/Library/Frameworks/Python.framework/Versions/3.7/lib/python3.7/site-packages/werkzeug/serving.py", line 1030, in run_simple
    s.bind(server_address)
OSError: [Errno 48] Address already in use
starting
Dash is running on http://127.0.0.1:8050/

 * Serving Flask app "dashboard.months_earnings" (lazy loading)
 * Environment: production
   WARNING: This is a development server. Do not use it in a production deployment.
   Use a production WSGI server instead.
 * Debug mode: on
Traceback (most recent call last):
  File "/Users/philipmassey/PycharmProjects/stock_market/dashboard/scripts/run_monthly_earnings.py", line 5, in <module>
    months_earnings.app.run_server(debug=True)
  File "/Library/Frameworks/Python.framework/Versions/3.7/lib/python3.7/site-packages/dash/dash.py", line 1716, in run_server
    self.server.run(host=host, port=port, debug=debug, **flask_run_options)
  File "/Library/Frameworks/Python.framework/Versions/3.7/lib/python3.7/site-packages/flask/app.py", line 990, in run
    run_simple(host, port, self, **options)
  File "/Library/Frameworks/Python.framework/Versions/3.7/lib/python3.7/site-packages/werkzeug/serving.py", line 1030, in run_simple
    s.bind(server_address)
OSError: [Errno 48] Address already in use
starting
Dash is running on http://127.0.0.1:8050/

 * Serving Flask app "dashboard.months_earnings" (lazy loading)
 * Environment: production
   WARNING: This is a development server. Do not use it in a production deployment.
   Use a production WSGI server instead.
 * Debug mode: on
Traceback (most recent call last):
  File "/Users/philipmassey/PycharmProjects/stock_market/dashboard/scripts/run_monthly_earnings.py", line 5, in <module>
    months_earnings.app.run_server(debug=True)
  File "/Library/Frameworks/Python.framework/Versions/3.7/lib/python3.7/site-packages/dash/dash.py", line 1716, in run_server
    self.server.run(host=host, port=port, debug=debug, **flask_run_options)
  File "/Library/Frameworks/Python.framework/Versions/3.7/lib/python3.7/site-packages/flask/app.py", line 990, in run
    run_simple(host, port, self, **options)
  File "/Library/Frameworks/Python.framework/Versions/3.7/lib/python3.7/site-packages/werkzeug/serving.py", line 1030, in run_simple
    s.bind(server_address)
OSError: [Errno 48] Address already in use
starting
Dash is running on http://127.0.0.1:8050/

 * Serving Flask app "dashboard.months_earnings" (lazy loading)
 * Environment: production
   WARNING: This is a development server. Do not use it in a production deployment.
   Use a production WSGI server instead.
 * Debug mode: on
starting
Dash is running on http://127.0.0.1:8050/

 * Serving Flask app "dashboard.months_earnings" (lazy loading)
 * Environment: production
   WARNING: This is a development server. Do not use it in a production deployment.
   Use a production WSGI server instead.
 * Debug mode: on
starting
Dash is running on http://127.0.0.1:8050/

 * Serving Flask app "dashboard.months_earnings" (lazy loading)
 * Environment: production
   WARNING: This is a development server. Do not use it in a production deployment.
   Use a production WSGI server instead.
 * Debug mode: on
starting
Traceback (most recent call last):
  File "/Users/philipmassey/PycharmProjects/stock_market/dashboard/scripts/run_monthly_earnings.py", line 2, in <module>
    from dashboard import months_earnings
  File "/Users/philipmassey/PycharmProjects/stock_market/dashboard/__init__.py", line 1, in <module>
    from .months_earnings import *
  File "/Users/philipmassey/PycharmProjects/stock_market/dashboard/months_earnings.py", line 4, in <module>
    import market_data as md
  File "/Users/philipmassey/PycharmProjects/stock_market/market_data/__init__.py", line 2, in <module>
    from .get_csv_data import *
  File "/Users/philipmassey/PycharmProjects/stock_market/market_data/get_csv_data.py", line 25
    return df_port
         ^
IndentationError: expected an indented block
Traceback (most recent call last):
  File "/Users/philipmassey/PycharmProjects/stock_market/dashboard/scripts/run_monthly_earnings.py", line 2, in <module>
    from dashboard import months_earnings
  File "/Users/philipmassey/PycharmProjects/stock_market/dashboard/__init__.py", line 1, in <module>
    from .months_earnings import *
  File "/Users/philipmassey/PycharmProjects/stock_market/dashboard/months_earnings.py", line 4, in <module>
    import market_data as md
  File "/Users/philipmassey/PycharmProjects/stock_market/market_data/__init__.py", line 2, in <module>
    from .get_csv_data import *
  File "/Users/philipmassey/PycharmProjects/stock_market/market_data/get_csv_data.py", line 25
    return df_port
         ^
IndentationError: expected an indented block
starting
Dash is running on http://127.0.0.1:8050/

 * Serving Flask app "dashboard.months_earnings" (lazy loading)
 * Environment: production
   WARNING: This is a development server. Do not use it in a production deployment.
   Use a production WSGI server instead.
 * Debug mode: on
starting
Traceback (most recent call last):
  File "/Users/philipmassey/PycharmProjects/stock_market/dashboard/scripts/run_monthly_earnings.py", line 2, in <module>
    from dashboard import months_earnings
  File "/Users/philipmassey/PycharmProjects/stock_market/dashboard/__init__.py", line 1, in <module>
    from .months_earnings import *
  File "/Users/philipmassey/PycharmProjects/stock_market/dashboard/months_earnings.py", line 4, in <module>
    import market_data as md
  File "/Users/philipmassey/PycharmProjects/stock_market/market_data/__init__.py", line 2, in <module>
    from .get_csv_data import *
  File "/Users/philipmassey/PycharmProjects/stock_market/market_data/get_csv_data.py", line 9, in <module>
    dfall =  pd.concat([dfall, portfolio_from_file(file)],axis=0)
NameError: name 'portfolio_from_file' is not defined
2021-06-30 00:00:00 steady increase
5days_up
BLD, EDIT, ETSY, EVC, GNOM, HUYA, IONS, JCI, KARS, NTLA, ROKU, SPOT, SPY, SWAN, TT, TX, UHAL, XLY
Added 18 of 18
9days_up
ARKK, BEAM, CLOU, CMLS, ETSY, GNOM, IONS, KARS, NFLX, ROKU, SPOT, XLY
Added 12 of 12
5weeks_up
ARKG, ARKK, ARKW, ARLP, AVID, BYDDY, BZ, CDMO, CDXS, CLOU, CMLS, DIIBF, DOCU, DRNA, EVC, HUYA, IOVA, NEP, NIO, NM, NVDA, PEYUF, PINS, PLTR, PTR, PYPL, QYLD, REGN, RXRX, SPOT, SPT, SYNA, TLND, TSP, TWTR, VTI, XLC, ZM
Added 38 of 38
-5.875454545454545 5.461818181818181
-5.21 37.93
-1.1077083333333337 6.410400000000001
['DIA' 'Markets ETF' 'Sector XL ETF' 'Thematic ETF']
DIA
-4.34 16.03
Markets ETF
-1.32 1.92
Sector XL ETF
-2.66 2.19
Thematic ETF
-2.44 5.88
-7.760000000000001 3.391818181818182
-8.987499999999999 1.5576666666666668
-3.595681818181818 -0.2927659574468084
['DIA' 'Markets ETF' 'Sector XL ETF' 'Thematic ETF']
DIA
-9.33 4.17
Markets ETF
-2.71 1.7
Sector XL ETF
-3.47 1.88
Thematic ETF
-3.89 2.38
-7.7525 2.9149999999999996
-11.692499999999997 1.9188888888888889
-4.656500000000001 0.2873684210526316
['DIA' 'Markets ETF' 'Sector XL ETF' 'Thematic ETF']
DIA
-4.23 4.35
Markets ETF
-4.91 1.32
Sector XL ETF
-5.53 1.77
Thematic ETF
-4.52 0.95
